


ARM Macro Assembler    Page 1 


    1 00000000                 AREA             asm_functions, CODE, READONLY
    2 00000000                 EXPORT           nome_funzione
    3 00000000         nome_funzione
    4 00000000         ; save current SP for a faster access 
    5 00000000         ; to parameters in the stack
    6 00000000 46EC            MOV              r12, sp
    7 00000002 E92D 4DF0       PUSH             {r4-r8,r10-r11,lr}
    8 00000006         
    9 00000006         ; restore volatile registers
   10 00000006 E8BD 8DF0       POP              {r4-r8,r10-r11,pc}
   11 0000000A                 END
Command Line: --debug --xref --diag_suppress=9931 --cpu=Cortex-M3 --apcs=interw
ork --depend=.\asm_functs.d -o.\asm_functs.o -I.\RTE\_Target_1 -IC:\Users\marce
\AppData\Local\Arm\Packs\ARM\CMSIS\5.8.0\CMSIS\Core\Include -IC:\Users\marce\Ap
pData\Local\Arm\Packs\Keil\LPC1700_DFP\2.7.1\Device\Include --predefine="__UVIS
ION_VERSION SETA 536" --predefine="_RTE_ SETA 1" --predefine="LPC175x_6x SETA 1
" --predefine="_RTE_ SETA 1" --list=.\asm_functs.lst ASM_functs.s



ARM Macro Assembler    Page 1 Alphabetic symbol ordering
Relocatable symbols

asm_functions 00000000

Symbol: asm_functions
   Definitions
      At line 1 in file ASM_functs.s
   Uses
      None
Comment: asm_functions unused
nome_funzione 00000000

Symbol: nome_funzione
   Definitions
      At line 3 in file ASM_functs.s
   Uses
      At line 2 in file ASM_functs.s
Comment: nome_funzione used once
2 symbols
335 symbols in table
